[ 2017-08-05T00:09:19+08:00 ] 127.0.0.1 /index.php/Home//Index/checkUserInfo
INFO: [ app_init ] --START--
INFO: Run Behavior\BuildLiteBehavior [ RunTime:0.000014s ]
INFO: [ app_init ] --END-- [ RunTime:0.000588s ]
INFO: [ app_begin ] --START--
INFO: Run Behavior\ReadHtmlCacheBehavior [ RunTime:0.000899s ]
INFO: [ app_begin ] --END-- [ RunTime:0.000994s ]

[ 2017-08-05T00:09:21+08:00 ] 127.0.0.1 /index.php/Home//Index/getIndex
INFO: [ app_init ] --START--
INFO: Run Behavior\BuildLiteBehavior [ RunTime:0.000017s ]
INFO: [ app_init ] --END-- [ RunTime:0.000621s ]
INFO: [ app_begin ] --START--
INFO: Run Behavior\ReadHtmlCacheBehavior [ RunTime:0.001339s ]
INFO: [ app_begin ] --END-- [ RunTime:0.001757s ]
SQL: SHOW COLUMNS FROM `longhai_lecturer` [ RunTime:0.0143s ]
SQL: SELECT * FROM `longhai_lecturer` WHERE `l_del` = 0 ORDER BY l_id desc LIMIT 10   [ RunTime:0.0007s ]
SQL: SHOW COLUMNS FROM `longhai_category` [ RunTime:0.0068s ]
SQL: SELECT * FROM `longhai_category` WHERE `c_del` = 0 ORDER BY c_id desc LIMIT 10   [ RunTime:0.0007s ]
SQL: SHOW COLUMNS FROM `longhai_video` [ RunTime:0.0079s ]
SQL: SELECT * FROM `longhai_video` WHERE `v_del` = 0 ORDER BY v_id desc LIMIT 10   [ RunTime:0.0008s ]

[ 2017-08-05T05:54:47+08:00 ] 127.0.0.1 /index.php/Home//Index/checkUserInfo
INFO: [ app_init ] --START--
INFO: Run Behavior\BuildLiteBehavior [ RunTime:0.000024s ]
INFO: [ app_init ] --END-- [ RunTime:0.003424s ]
INFO: [ app_begin ] --START--
INFO: Run Behavior\ReadHtmlCacheBehavior [ RunTime:0.001535s ]
INFO: [ app_begin ] --END-- [ RunTime:0.001652s ]

[ 2017-08-05T05:54:49+08:00 ] 127.0.0.1 /index.php/Home//Index/getIndex
INFO: [ app_init ] --START--
INFO: Run Behavior\BuildLiteBehavior [ RunTime:0.000038s ]
INFO: [ app_init ] --END-- [ RunTime:0.000855s ]
INFO: [ app_begin ] --START--
INFO: Run Behavior\ReadHtmlCacheBehavior [ RunTime:0.001093s ]
INFO: [ app_begin ] --END-- [ RunTime:0.001213s ]
SQL: SHOW COLUMNS FROM `longhai_lecturer` [ RunTime:0.0113s ]
SQL: SELECT * FROM `longhai_lecturer` WHERE `l_del` = 0 ORDER BY l_id desc LIMIT 10   [ RunTime:0.0008s ]
SQL: SHOW COLUMNS FROM `longhai_category` [ RunTime:0.0074s ]
SQL: SELECT * FROM `longhai_category` WHERE `c_del` = 0 ORDER BY c_id desc LIMIT 10   [ RunTime:0.0007s ]
SQL: SHOW COLUMNS FROM `longhai_video` [ RunTime:0.0246s ]
SQL: SELECT * FROM `longhai_video` WHERE `v_del` = 0 ORDER BY v_id desc LIMIT 10   [ RunTime:0.0011s ]

[ 2017-08-05T06:04:20+08:00 ] 127.0.0.1 /index.php/Home//Index/checkUserInfo
INFO: [ app_init ] --START--
INFO: Run Behavior\BuildLiteBehavior [ RunTime:0.000013s ]
INFO: [ app_init ] --END-- [ RunTime:0.000724s ]
INFO: [ app_begin ] --START--
INFO: Run Behavior\ReadHtmlCacheBehavior [ RunTime:0.000861s ]
INFO: [ app_begin ] --END-- [ RunTime:0.000941s ]

[ 2017-08-05T06:04:22+08:00 ] 127.0.0.1 /index.php/Home//Index/getIndex
INFO: [ app_init ] --START--
INFO: Run Behavior\BuildLiteBehavior [ RunTime:0.000024s ]
INFO: [ app_init ] --END-- [ RunTime:0.000805s ]
INFO: [ app_begin ] --START--
INFO: Run Behavior\ReadHtmlCacheBehavior [ RunTime:0.000991s ]
INFO: [ app_begin ] --END-- [ RunTime:0.001101s ]
ERR: SQLSTATE[HY000] [1045] Access denied for user 'longhai'@'localhost' (using password: YES)

[ 2017-08-05T06:05:19+08:00 ] 127.0.0.1 /index.php/Home//Index/checkUserInfo
INFO: [ app_init ] --START--
INFO: Run Behavior\BuildLiteBehavior [ RunTime:0.000030s ]
INFO: [ app_init ] --END-- [ RunTime:0.000789s ]
INFO: [ app_begin ] --START--
INFO: Run Behavior\ReadHtmlCacheBehavior [ RunTime:0.000647s ]
INFO: [ app_begin ] --END-- [ RunTime:0.000708s ]

[ 2017-08-05T06:05:19+08:00 ] 127.0.0.1 /index.php/Home//Index/getIndex
INFO: [ app_init ] --START--
INFO: Run Behavior\BuildLiteBehavior [ RunTime:0.000019s ]
INFO: [ app_init ] --END-- [ RunTime:0.000499s ]
INFO: [ app_begin ] --START--
INFO: Run Behavior\ReadHtmlCacheBehavior [ RunTime:0.000602s ]
INFO: [ app_begin ] --END-- [ RunTime:0.000678s ]
SQL: SHOW COLUMNS FROM `longhai_lecturer` [ RunTime:0.0061s ]
SQL: SELECT * FROM `longhai_lecturer` WHERE `l_del` = 0 ORDER BY l_id desc LIMIT 10   [ RunTime:0.0006s ]
SQL: SHOW COLUMNS FROM `longhai_category` [ RunTime:0.0092s ]
SQL: SELECT * FROM `longhai_category` WHERE `c_del` = 0 ORDER BY c_id desc LIMIT 10   [ RunTime:0.0005s ]
SQL: SHOW COLUMNS FROM `longhai_video` [ RunTime:0.0054s ]
SQL: SELECT * FROM `longhai_video` WHERE `v_del` = 0 ORDER BY v_id desc LIMIT 10   [ RunTime:0.0009s ]

[ 2017-08-05T06:05:30+08:00 ] 127.0.0.1 /index.php/Home//Api/getUserInfo
INFO: [ app_init ] --START--
INFO: Run Behavior\BuildLiteBehavior [ RunTime:0.000015s ]
INFO: [ app_init ] --END-- [ RunTime:0.000565s ]
INFO: [ app_begin ] --START--
INFO: Run Behavior\ReadHtmlCacheBehavior [ RunTime:0.000487s ]
INFO: [ app_begin ] --END-- [ RunTime:0.000534s ]

[ 2017-08-05T06:05:30+08:00 ] 127.0.0.1 /index.php/Home//Index/checkUserInfo
INFO: [ app_init ] --START--
INFO: Run Behavior\BuildLiteBehavior [ RunTime:0.000014s ]
INFO: [ app_init ] --END-- [ RunTime:0.000453s ]
INFO: [ app_begin ] --START--
INFO: Run Behavior\ReadHtmlCacheBehavior [ RunTime:0.000516s ]
INFO: [ app_begin ] --END-- [ RunTime:0.000568s ]

[ 2017-08-05T06:08:09+08:00 ] 127.0.0.1 /index.php/Home//Index/getIndex
INFO: [ app_init ] --START--
INFO: Run Behavior\BuildLiteBehavior [ RunTime:0.000023s ]
INFO: [ app_init ] --END-- [ RunTime:0.000925s ]
INFO: [ app_begin ] --START--
INFO: Run Behavior\ReadHtmlCacheBehavior [ RunTime:0.001142s ]
INFO: [ app_begin ] --END-- [ RunTime:0.001232s ]
SQL: SHOW COLUMNS FROM `longhai_lecturer` [ RunTime:0.0047s ]
SQL: SELECT * FROM `longhai_lecturer` WHERE `l_del` = 0 ORDER BY l_id desc LIMIT 10   [ RunTime:0.0005s ]
SQL: SHOW COLUMNS FROM `longhai_category` [ RunTime:0.0040s ]
SQL: SELECT * FROM `longhai_category` WHERE `c_del` = 0 ORDER BY c_id desc LIMIT 10   [ RunTime:0.0004s ]
SQL: SHOW COLUMNS FROM `longhai_video` [ RunTime:0.0041s ]
SQL: SELECT * FROM `longhai_video` WHERE `v_del` = 0 ORDER BY v_id desc LIMIT 10   [ RunTime:0.0004s ]

[ 2017-08-05T06:08:12+08:00 ] 127.0.0.1 /index.php/Home//Index/checkUserInfo
INFO: [ app_init ] --START--
INFO: Run Behavior\BuildLiteBehavior [ RunTime:0.000024s ]
INFO: [ app_init ] --END-- [ RunTime:0.000783s ]
INFO: [ app_begin ] --START--
INFO: Run Behavior\ReadHtmlCacheBehavior [ RunTime:0.001044s ]
INFO: [ app_begin ] --END-- [ RunTime:0.001171s ]

[ 2017-08-05T06:22:40+08:00 ] 127.0.0.1 /index.php/Home//Index/getIndex
INFO: [ app_init ] --START--
INFO: Run Behavior\BuildLiteBehavior [ RunTime:0.000019s ]
INFO: [ app_init ] --END-- [ RunTime:0.000799s ]
INFO: [ app_begin ] --START--
INFO: Run Behavior\ReadHtmlCacheBehavior [ RunTime:0.001006s ]
INFO: [ app_begin ] --END-- [ RunTime:0.001084s ]
SQL: SHOW COLUMNS FROM `longhai_lecturer` [ RunTime:0.0554s ]
SQL: SELECT * FROM `longhai_lecturer` WHERE `l_del` = 0 ORDER BY l_id desc LIMIT 10   [ RunTime:0.0005s ]
SQL: SHOW COLUMNS FROM `longhai_category` [ RunTime:0.0102s ]
SQL: SELECT * FROM `longhai_category` WHERE `c_del` = 0 ORDER BY c_id desc LIMIT 10   [ RunTime:0.0006s ]
SQL: SHOW COLUMNS FROM `longhai_video` [ RunTime:0.0073s ]
SQL: SELECT * FROM `longhai_video` WHERE `v_del` = 0 ORDER BY v_id desc LIMIT 10   [ RunTime:0.0007s ]

[ 2017-08-05T06:22:44+08:00 ] 127.0.0.1 /index.php/Home//Index/checkUserInfo
INFO: [ app_init ] --START--
INFO: Run Behavior\BuildLiteBehavior [ RunTime:0.000017s ]
INFO: [ app_init ] --END-- [ RunTime:0.000726s ]
INFO: [ app_begin ] --START--
INFO: Run Behavior\ReadHtmlCacheBehavior [ RunTime:0.000628s ]
INFO: [ app_begin ] --END-- [ RunTime:0.000697s ]

